<?xml version="1.0" encoding="UTF-8"?>
<testng-results skipped="0" failed="0" ignored="0" total="1" passed="1">
  <reporter-output>
  </reporter-output>
  <suite name="Default suite" duration-ms="7101" started-at="2021-08-02T20:46:47 EDT" finished-at="2021-08-02T20:46:54 EDT">
    <groups>
    </groups>
    <test name="Default test" duration-ms="7101" started-at="2021-08-02T20:46:47 EDT" finished-at="2021-08-02T20:46:54 EDT">
      <class name="com.projecttestng.FirstTestNG">
        <test-method status="PASS" signature="testcase1()[pri:0, instance:com.projecttestng.FirstTestNG@33f88ab]" name="testcase1" duration-ms="7055" started-at="2021-08-02T20:46:47 EDT" finished-at="2021-08-02T20:46:54 EDT">
          <reporter-output>
          </reporter-output>
        </test-method> <!-- testcase1 -->
      </class> <!-- com.projecttestng.FirstTestNG -->
    </test> <!-- Default test -->
  </suite> <!-- Default suite -->
</testng-results>
